<?xml version="1.0" encoding="UTF-8"?>
<!-- Generated by org.testng.reporters.JUnitReportReporter -->
<testsuite hostname="DESKTOP-GCBMLTU" failures="0" tests="3" name="cucumberOptons.TestNGTestRunner" time="80.810" errors="0" timestamp="2025-06-27T11:41:59 IST" skipped="0">
  <testcase classname="cucumberOptons.TestNGTestRunner" name="runScenario" time="25.253"/>
  <testcase classname="cucumberOptons.TestNGTestRunner" name="runScenario" time="28.148"/>
  <testcase classname="cucumberOptons.TestNGTestRunner" name="runScenario" time="27.409"/>
</testsuite> <!-- cucumberOptons.TestNGTestRunner -->
