<?xml version="1.0" encoding="UTF-8"?>
<!-- Generated by org.testng.reporters.JUnitReportReporter -->
<testsuite hostname="DESKTOP-GCBMLTU" failures="0" tests="3" name="cucumberOptons.TestNGTestRunner" time="199.805" errors="0" timestamp="2025-07-04T15:50:39 IST" skipped="0">
  <testcase classname="cucumberOptons.TestNGTestRunner" name="runScenario" time="66.591"/>
  <testcase classname="cucumberOptons.TestNGTestRunner" name="runScenario" time="66.591"/>
  <testcase classname="cucumberOptons.TestNGTestRunner" name="runScenario" time="66.623"/>
</testsuite> <!-- cucumberOptons.TestNGTestRunner -->
