<?xml version="1.0" encoding="UTF-8"?>
<!-- Generated by org.testng.reporters.JUnitReportReporter -->
<testsuite hostname="DESKTOP-GCBMLTU" failures="0" tests="1" name="cucumberOptons.FailedTestRunner" time="11.716" errors="0" timestamp="2025-06-25T20:55:52 IST" skipped="0">
  <testcase classname="cucumberOptons.FailedTestRunner" name="runScenario" time="11.716"/>
</testsuite> <!-- cucumberOptons.FailedTestRunner -->
