<?xml version="1.0" encoding="UTF-8"?>
<!-- Generated by org.testng.reporters.JUnitReportReporter -->
<testsuite hostname="DESKTOP-GCBMLTU" failures="0" tests="2" name="cucumberOptons.TestNGTestRunner" time="74.096" errors="0" timestamp="2025-07-03T13:33:16 IST" skipped="0">
  <testcase classname="cucumberOptons.TestNGTestRunner" name="runScenario" time="37.048"/>
  <testcase classname="cucumberOptons.TestNGTestRunner" name="runScenario" time="37.048"/>
</testsuite> <!-- cucumberOptons.TestNGTestRunner -->
